<?xml version="1.0" encoding="UTF-8"?>
<coverage generated="1704176753334" clover="3.2.0">
  <project timestamp="1704176753334" name="All files">
    <metrics statements="24" coveredstatements="24" conditionals="8" coveredconditionals="7" methods="4" coveredmethods="4" elements="36" coveredelements="35" complexity="0" loc="24" ncloc="24" packages="2" files="2" classes="2"/>
    <package name="Button">
      <metrics statements="14" coveredstatements="14" conditionals="6" coveredconditionals="5" methods="3" coveredmethods="3"/>
      <file name="index.tsx" path="/Users/apple/tmp/掘金文章/rollup-demo/rollup-build/src/Button/index.tsx">
        <metrics statements="14" coveredstatements="14" conditionals="6" coveredconditionals="5" methods="3" coveredmethods="3"/>
        <line num="1" count="1" type="cond" truecount="2" falsecount="0"/>
        <line num="2" count="1" type="stmt"/>
        <line num="3" count="1" type="stmt"/>
        <line num="4" count="1" type="stmt"/>
        <line num="5" count="1" type="cond" truecount="1" falsecount="0"/>
        <line num="6" count="1" type="cond" truecount="1" falsecount="0"/>
        <line num="7" count="4" type="stmt"/>
        <line num="8" count="4" type="stmt"/>
        <line num="9" count="4" type="stmt"/>
        <line num="10" count="4" type="stmt"/>
        <line num="11" count="4" type="stmt"/>
        <line num="12" count="1" type="cond" truecount="1" falsecount="0"/>
        <line num="13" count="1" type="stmt"/>
        <line num="14" count="1" type="cond" truecount="0" falsecount="1"/>
      </file>
    </package>
    <package name="Input">
      <metrics statements="10" coveredstatements="10" conditionals="2" coveredconditionals="2" methods="1" coveredmethods="1"/>
      <file name="index.tsx" path="/Users/apple/tmp/掘金文章/rollup-demo/rollup-build/src/Input/index.tsx">
        <metrics statements="10" coveredstatements="10" conditionals="2" coveredconditionals="2" methods="1" coveredmethods="1"/>
        <line num="1" count="1" type="cond" truecount="2" falsecount="0"/>
        <line num="2" count="1" type="stmt"/>
        <line num="3" count="1" type="stmt"/>
        <line num="4" count="1" type="stmt"/>
        <line num="5" count="1" type="stmt"/>
        <line num="6" count="1" type="stmt"/>
        <line num="7" count="1" type="stmt"/>
        <line num="8" count="1" type="stmt"/>
        <line num="9" count="1" type="stmt"/>
        <line num="10" count="1" type="stmt"/>
      </file>
    </package>
  </project>
</coverage>
