TN:
SF:src/Button/index.tsx
FN:1,Object.<anonymous>
FN:5,__export
FN:12,__copyProps
FNF:3
FNH:3
FNDA:1,Object.<anonymous>
FNDA:1,__export
FNDA:1,__copyProps
DA:1,1
DA:2,1
DA:3,1
DA:4,1
DA:5,1
DA:6,1
DA:7,4
DA:8,4
DA:9,4
DA:10,4
DA:11,4
DA:12,1
DA:13,1
DA:14,1
LF:14
LH:14
BRDA:1,0,0,1
BRDA:1,1,0,1
BRDA:5,2,0,1
BRDA:6,3,0,4
BRDA:12,4,0,1
BRDA:14,5,0,0
BRF:6
BRH:5
end_of_record
TN:
SF:src/Input/index.tsx
FN:1,Object.<anonymous>
FNF:1
FNH:1
FNDA:1,Object.<anonymous>
DA:1,1
DA:2,1
DA:3,1
DA:4,1
DA:5,1
DA:6,1
DA:7,1
DA:8,1
DA:9,1
DA:10,1
LF:10
LH:10
BRDA:1,0,0,1
BRDA:1,1,0,1
BRF:2
BRH:2
end_of_record
